2017-03-09 10:24:19.5794|INFO|Microsoft.EntityFrameworkCore.Storage.Internal.RelationalCommandBuilderFactory|Executed DbCommand (0ms) [Parameters=[], CommandType='Text', CommandTimeout='30']
SELECT [a].[Id], [a].[DateOfBirth], [a].[FirstName], [a].[Genre], [a].[LastName]
FROM [Authors] AS [a]
2017-03-09 10:24:20.1784|INFO|Microsoft.EntityFrameworkCore.Storage.Internal.RelationalCommandBuilderFactory|Executed DbCommand (25ms) [Parameters=[@p0='?', @p1='?', @p2='?', @p3='?', @p4='?', @p5='?', @p6='?'], CommandType='Text', CommandTimeout='30']
SET NOCOUNT ON;
DELETE FROM [Authors]
WHERE [Id] = @p0;
SELECT @@ROWCOUNT;
DELETE FROM [Authors]
WHERE [Id] = @p1;
SELECT @@ROWCOUNT;
DELETE FROM [Authors]
WHERE [Id] = @p2;
SELECT @@ROWCOUNT;
DELETE FROM [Authors]
WHERE [Id] = @p3;
SELECT @@ROWCOUNT;
DELETE FROM [Authors]
WHERE [Id] = @p4;
SELECT @@ROWCOUNT;
DELETE FROM [Authors]
WHERE [Id] = @p5;
SELECT @@ROWCOUNT;
DELETE FROM [Authors]
WHERE [Id] = @p6;
SELECT @@ROWCOUNT;
2017-03-09 10:24:20.3224|INFO|Microsoft.EntityFrameworkCore.Storage.Internal.RelationalCommandBuilderFactory|Executed DbCommand (1ms) [Parameters=[@p0='?', @p1='?', @p2='?' (Size = 50), @p3='?' (Size = 50), @p4='?' (Size = 50), @p5='?', @p6='?', @p7='?' (Size = 50), @p8='?' (Size = 50), @p9='?' (Size = 50), @p10='?', @p11='?', @p12='?' (Size = 50), @p13='?' (Size = 50), @p14='?' (Size = 50), @p15='?', @p16='?', @p17='?' (Size = 50), @p18='?' (Size = 50), @p19='?' (Size = 50), @p20='?', @p21='?', @p22='?' (Size = 50), @p23='?' (Size = 50), @p24='?' (Size = 50), @p25='?', @p26='?', @p27='?' (Size = 50), @p28='?' (Size = 50), @p29='?' (Size = 50)], CommandType='Text', CommandTimeout='30']
SET NOCOUNT ON;
INSERT INTO [Authors] ([Id], [DateOfBirth], [FirstName], [Genre], [LastName])
VALUES (@p0, @p1, @p2, @p3, @p4),
(@p5, @p6, @p7, @p8, @p9),
(@p10, @p11, @p12, @p13, @p14),
(@p15, @p16, @p17, @p18, @p19),
(@p20, @p21, @p22, @p23, @p24),
(@p25, @p26, @p27, @p28, @p29);
2017-03-09 10:24:20.3384|INFO|Microsoft.EntityFrameworkCore.Storage.Internal.RelationalCommandBuilderFactory|Executed DbCommand (1ms) [Parameters=[@p30='?', @p31='?', @p32='?' (Size = 500), @p33='?' (Size = 100), @p34='?', @p35='?', @p36='?' (Size = 500), @p37='?' (Size = 100), @p38='?', @p39='?', @p40='?' (Size = 500), @p41='?' (Size = 100), @p42='?', @p43='?', @p44='?' (Size = 500), @p45='?' (Size = 100), @p46='?', @p47='?', @p48='?' (Size = 500), @p49='?' (Size = 100), @p50='?', @p51='?', @p52='?' (Size = 500), @p53='?' (Size = 100), @p54='?', @p55='?', @p56='?' (Size = 500), @p57='?' (Size = 100), @p58='?', @p59='?', @p60='?' (Size = 500), @p61='?' (Size = 100), @p62='?', @p63='?', @p64='?' (Size = 500), @p65='?' (Size = 100), @p66='?', @p67='?', @p68='?' (Size = 500), @p69='?' (Size = 100), @p70='?', @p71='?', @p72='?' (Size = 500), @p73='?' (Size = 100)], CommandType='Text', CommandTimeout='30']
SET NOCOUNT ON;
INSERT INTO [Books] ([Id], [AuthorId], [Description], [Title])
VALUES (@p30, @p31, @p32, @p33),
(@p34, @p35, @p36, @p37),
(@p38, @p39, @p40, @p41),
(@p42, @p43, @p44, @p45),
(@p46, @p47, @p48, @p49),
(@p50, @p51, @p52, @p53),
(@p54, @p55, @p56, @p57),
(@p58, @p59, @p60, @p61),
(@p62, @p63, @p64, @p65),
(@p66, @p67, @p68, @p69),
(@p70, @p71, @p72, @p73);
2017-03-09 10:24:21.4064|INFO|Microsoft.AspNetCore.Hosting.Internal.WebHost|Request starting HTTP/1.1 DEBUG http://localhost:6058/  0
2017-03-09 10:24:21.4064|INFO|Microsoft.AspNetCore.Hosting.Internal.WebHost|Request starting HTTP/1.1 GET http://localhost:6058/  
2017-03-09 10:24:21.4984|INFO|Microsoft.AspNetCore.Hosting.Internal.WebHost|Request finished in 125.3427ms 200 
2017-03-09 10:24:21.8114|INFO|Microsoft.AspNetCore.Hosting.Internal.WebHost|Request finished in 462.2933ms 404 
2017-03-09 10:24:25.3200|INFO|Microsoft.AspNetCore.Hosting.Internal.WebHost|Request starting HTTP/1.1 GET http://localhost:6058/api/authors?fields=id,name  
2017-03-09 10:24:25.4740|INFO|Microsoft.EntityFrameworkCore.Storage.Internal.RelationalCommandBuilderFactory|Executed DbCommand (0ms) [Parameters=[], CommandType='Text', CommandTimeout='30']
SELECT OBJECT_ID(N'__EFMigrationsHistory');
2017-03-09 10:24:25.5010|INFO|Microsoft.EntityFrameworkCore.Storage.Internal.RelationalCommandBuilderFactory|Executed DbCommand (0ms) [Parameters=[], CommandType='Text', CommandTimeout='30']
SELECT OBJECT_ID(N'__EFMigrationsHistory');
2017-03-09 10:24:25.5270|INFO|Microsoft.EntityFrameworkCore.Storage.Internal.RelationalCommandBuilderFactory|Executed DbCommand (0ms) [Parameters=[], CommandType='Text', CommandTimeout='30']
SELECT [MigrationId], [ProductVersion]
FROM [__EFMigrationsHistory]
ORDER BY [MigrationId];
2017-03-09 10:24:26.0420|INFO|Microsoft.AspNetCore.Mvc.Internal.ControllerActionInvoker|Executing action method Library.API.Controllers.AuthorsController.GetAuthors (Library.API) with arguments (Library.API.Helpers.AuthorsResourceParameters) - ModelState is Valid
2017-03-09 10:24:26.3980|INFO|Microsoft.EntityFrameworkCore.Storage.Internal.RelationalCommandBuilderFactory|Executed DbCommand (0ms) [Parameters=[], CommandType='Text', CommandTimeout='30']
SELECT COUNT(*)
FROM [Authors] AS [a]
2017-03-09 10:24:26.4780|INFO|Microsoft.EntityFrameworkCore.Storage.Internal.RelationalCommandBuilderFactory|Executed DbCommand (0ms) [Parameters=[@__p_0='?', @__p_1='?'], CommandType='Text', CommandTimeout='30']
SELECT [a].[Id], [a].[DateOfBirth], [a].[FirstName], [a].[Genre], [a].[LastName]
FROM [Authors] AS [a]
ORDER BY [a].[FirstName], [a].[LastName]
OFFSET @__p_0 ROWS FETCH NEXT @__p_1 ROWS ONLY
2017-03-09 10:24:27.1991|INFO|Microsoft.AspNetCore.Mvc.Internal.ObjectResultExecutor|Executing ObjectResult, writing value Microsoft.AspNetCore.Mvc.ControllerContext.
2017-03-09 10:24:27.5191|INFO|Microsoft.AspNetCore.Mvc.Internal.ControllerActionInvoker|Executed action Library.API.Controllers.AuthorsController.GetAuthors (Library.API) in 2074.2459ms
2017-03-09 10:24:27.5491|INFO|Microsoft.AspNetCore.Hosting.Internal.WebHost|Request finished in 2233.5106ms 200 application/json; charset=utf-8
2017-03-09 10:24:41.3635|INFO|Microsoft.AspNetCore.Hosting.Internal.WebHost|Request starting HTTP/1.1 GET http://localhost:6058/api/authors?fields=id,name&orderyBy=name  
2017-03-09 10:24:41.3995|INFO|Microsoft.EntityFrameworkCore.Storage.Internal.RelationalCommandBuilderFactory|Executed DbCommand (0ms) [Parameters=[], CommandType='Text', CommandTimeout='30']
SELECT OBJECT_ID(N'__EFMigrationsHistory');
2017-03-09 10:24:41.4165|INFO|Microsoft.EntityFrameworkCore.Storage.Internal.RelationalCommandBuilderFactory|Executed DbCommand (0ms) [Parameters=[], CommandType='Text', CommandTimeout='30']
SELECT OBJECT_ID(N'__EFMigrationsHistory');
2017-03-09 10:24:41.4365|INFO|Microsoft.EntityFrameworkCore.Storage.Internal.RelationalCommandBuilderFactory|Executed DbCommand (0ms) [Parameters=[], CommandType='Text', CommandTimeout='30']
SELECT [MigrationId], [ProductVersion]
FROM [__EFMigrationsHistory]
ORDER BY [MigrationId];
2017-03-09 10:24:41.4535|INFO|Microsoft.AspNetCore.Mvc.Internal.ControllerActionInvoker|Executing action method Library.API.Controllers.AuthorsController.GetAuthors (Library.API) with arguments (Library.API.Helpers.AuthorsResourceParameters) - ModelState is Valid
2017-03-09 10:24:41.4775|INFO|Microsoft.EntityFrameworkCore.Storage.Internal.RelationalCommandBuilderFactory|Executed DbCommand (0ms) [Parameters=[], CommandType='Text', CommandTimeout='30']
SELECT COUNT(*)
FROM [Authors] AS [a]
2017-03-09 10:24:41.4945|INFO|Microsoft.EntityFrameworkCore.Storage.Internal.RelationalCommandBuilderFactory|Executed DbCommand (0ms) [Parameters=[@__p_0='?', @__p_1='?'], CommandType='Text', CommandTimeout='30']
SELECT [a].[Id], [a].[DateOfBirth], [a].[FirstName], [a].[Genre], [a].[LastName]
FROM [Authors] AS [a]
ORDER BY [a].[FirstName], [a].[LastName]
OFFSET @__p_0 ROWS FETCH NEXT @__p_1 ROWS ONLY
2017-03-09 10:24:41.5105|INFO|Microsoft.AspNetCore.Mvc.Internal.ObjectResultExecutor|Executing ObjectResult, writing value Microsoft.AspNetCore.Mvc.ControllerContext.
2017-03-09 10:24:41.5385|INFO|Microsoft.AspNetCore.Mvc.Internal.ControllerActionInvoker|Executed action Library.API.Controllers.AuthorsController.GetAuthors (Library.API) in 138.7864ms
2017-03-09 10:24:41.5865|INFO|Microsoft.AspNetCore.Hosting.Internal.WebHost|Request finished in 225.1234ms 200 application/json; charset=utf-8
2017-03-09 10:24:47.7735|INFO|Microsoft.AspNetCore.Hosting.Internal.WebHost|Request starting HTTP/1.1 GET http://localhost:6058/api/authors?fields=id,name&orderyBy=name&pageSize=1  
2017-03-09 10:24:47.7995|INFO|Microsoft.EntityFrameworkCore.Storage.Internal.RelationalCommandBuilderFactory|Executed DbCommand (0ms) [Parameters=[], CommandType='Text', CommandTimeout='30']
SELECT OBJECT_ID(N'__EFMigrationsHistory');
2017-03-09 10:24:47.8205|INFO|Microsoft.EntityFrameworkCore.Storage.Internal.RelationalCommandBuilderFactory|Executed DbCommand (0ms) [Parameters=[], CommandType='Text', CommandTimeout='30']
SELECT OBJECT_ID(N'__EFMigrationsHistory');
2017-03-09 10:24:47.8515|INFO|Microsoft.EntityFrameworkCore.Storage.Internal.RelationalCommandBuilderFactory|Executed DbCommand (0ms) [Parameters=[], CommandType='Text', CommandTimeout='30']
SELECT [MigrationId], [ProductVersion]
FROM [__EFMigrationsHistory]
ORDER BY [MigrationId];
2017-03-09 10:24:47.8725|INFO|Microsoft.AspNetCore.Mvc.Internal.ControllerActionInvoker|Executing action method Library.API.Controllers.AuthorsController.GetAuthors (Library.API) with arguments (Library.API.Helpers.AuthorsResourceParameters) - ModelState is Valid
2017-03-09 10:24:47.8925|INFO|Microsoft.EntityFrameworkCore.Storage.Internal.RelationalCommandBuilderFactory|Executed DbCommand (0ms) [Parameters=[], CommandType='Text', CommandTimeout='30']
SELECT COUNT(*)
FROM [Authors] AS [a]
2017-03-09 10:24:47.9235|INFO|Microsoft.EntityFrameworkCore.Storage.Internal.RelationalCommandBuilderFactory|Executed DbCommand (0ms) [Parameters=[@__p_0='?', @__p_1='?'], CommandType='Text', CommandTimeout='30']
SELECT [a].[Id], [a].[DateOfBirth], [a].[FirstName], [a].[Genre], [a].[LastName]
FROM [Authors] AS [a]
ORDER BY [a].[FirstName], [a].[LastName]
OFFSET @__p_0 ROWS FETCH NEXT @__p_1 ROWS ONLY
2017-03-09 10:24:48.1125|INFO|Microsoft.AspNetCore.Mvc.Internal.ObjectResultExecutor|Executing ObjectResult, writing value Microsoft.AspNetCore.Mvc.ControllerContext.
2017-03-09 10:24:48.1605|INFO|Microsoft.AspNetCore.Mvc.Internal.ControllerActionInvoker|Executed action Library.API.Controllers.AuthorsController.GetAuthors (Library.API) in 356.1584ms
2017-03-09 10:24:48.2335|INFO|Microsoft.AspNetCore.Hosting.Internal.WebHost|Request finished in 456.891ms 200 application/json; charset=utf-8
2017-03-09 10:24:59.5118|INFO|Microsoft.AspNetCore.Hosting.Internal.WebHost|Request starting HTTP/1.1 GET http://localhost:6058/api/authors?fields=id,name  
2017-03-09 10:24:59.5458|INFO|Microsoft.EntityFrameworkCore.Storage.Internal.RelationalCommandBuilderFactory|Executed DbCommand (0ms) [Parameters=[], CommandType='Text', CommandTimeout='30']
SELECT OBJECT_ID(N'__EFMigrationsHistory');
2017-03-09 10:24:59.5788|INFO|Microsoft.EntityFrameworkCore.Storage.Internal.RelationalCommandBuilderFactory|Executed DbCommand (0ms) [Parameters=[], CommandType='Text', CommandTimeout='30']
SELECT OBJECT_ID(N'__EFMigrationsHistory');
2017-03-09 10:24:59.6018|INFO|Microsoft.EntityFrameworkCore.Storage.Internal.RelationalCommandBuilderFactory|Executed DbCommand (0ms) [Parameters=[], CommandType='Text', CommandTimeout='30']
SELECT [MigrationId], [ProductVersion]
FROM [__EFMigrationsHistory]
ORDER BY [MigrationId];
2017-03-09 10:24:59.6188|INFO|Microsoft.AspNetCore.Mvc.Internal.ControllerActionInvoker|Executing action method Library.API.Controllers.AuthorsController.GetAuthors (Library.API) with arguments (Library.API.Helpers.AuthorsResourceParameters) - ModelState is Valid
2017-03-09 10:24:59.6372|INFO|Microsoft.EntityFrameworkCore.Storage.Internal.RelationalCommandBuilderFactory|Executed DbCommand (0ms) [Parameters=[], CommandType='Text', CommandTimeout='30']
SELECT COUNT(*)
FROM [Authors] AS [a]
2017-03-09 10:24:59.6540|INFO|Microsoft.EntityFrameworkCore.Storage.Internal.RelationalCommandBuilderFactory|Executed DbCommand (0ms) [Parameters=[@__p_0='?', @__p_1='?'], CommandType='Text', CommandTimeout='30']
SELECT [a].[Id], [a].[DateOfBirth], [a].[FirstName], [a].[Genre], [a].[LastName]
FROM [Authors] AS [a]
ORDER BY [a].[FirstName], [a].[LastName]
OFFSET @__p_0 ROWS FETCH NEXT @__p_1 ROWS ONLY
2017-03-09 10:24:59.6710|INFO|Microsoft.AspNetCore.Mvc.Internal.ObjectResultExecutor|Executing ObjectResult, writing value Microsoft.AspNetCore.Mvc.ControllerContext.
2017-03-09 10:24:59.7100|INFO|Microsoft.AspNetCore.Mvc.Internal.ControllerActionInvoker|Executed action Library.API.Controllers.AuthorsController.GetAuthors (Library.API) in 164.4363ms
2017-03-09 10:24:59.7450|INFO|Microsoft.AspNetCore.Hosting.Internal.WebHost|Request finished in 237.4626ms 200 application/json; charset=utf-8
